<testsuite>
<testcase classname="AHFinder" name="test_AHF_1/1procs" time="">
</testcase>
<testcase classname="AHFinder" name="test_AHF_2/1procs" time="">
</testcase>
<testcase classname="AHFinderDirect" name="Kerr/1procs" time="">
</testcase>
<testcase classname="AHFinderDirect" name="Kerr-Cartoon/1procs" time="">
</testcase>
<testcase classname="AHFinderDirect" name="Kerr-Cartoon-EE/1procs" time="">
</testcase>
<testcase classname="AHFinderDirect" name="Kerr-EE/1procs" time="">
</testcase>
<testcase classname="AHFinderDirect" name="Kerr-definition-expansion/1procs" time="">
</testcase>
<testcase classname="AHFinderDirect" name="Kerr-definition-expansion-EE/1procs" time="">
</testcase>
<testcase classname="AHFinderDirect" name="Kerr-definition-expansion-product/1procs" time="">
</testcase>
<testcase classname="AHFinderDirect" name="Kerr-definition-expansion-product-EE/1procs" time="">
</testcase>
<testcase classname="AHFinderDirect" name="Kerr-definition-inner-expansion/1procs" time="">
</testcase>
<testcase classname="AHFinderDirect" name="Kerr-definition-inner-expansion-EE/1procs" time="">
</testcase>
<testcase classname="AHFinderDirect" name="Kerr-definition-mean-curvature/1procs" time="">
</testcase>
<testcase classname="AHFinderDirect" name="Kerr-definition-mean-curvature-EE/1procs" time="">
</testcase>
<testcase classname="AHFinderDirect" name="Kerr-modification-radius/1procs" time="">
</testcase>
<testcase classname="AHFinderDirect" name="Kerr-modification-radius-EE/1procs" time="">
</testcase>
<testcase classname="AHFinderDirect" name="Kerr-rotating-180/1procs" time="">
</testcase>
<testcase classname="AHFinderDirect" name="Kerr-rotating-180-EE/1procs" time="">
</testcase>
<testcase classname="AHFinderDirect" name="Kerr-rotating-90/1procs" time="">
</testcase>
<testcase classname="AHFinderDirect" name="Kerr-rotating-90-EE/1procs" time="">
</testcase>
<testcase classname="AHFinderDirect" name="Kerr-selection-areal-radius/1procs" time="">
</testcase>
<testcase classname="AHFinderDirect" name="Kerr-selection-areal-radius-EE/1procs" time="">
</testcase>
<testcase classname="AHFinderDirect" name="Kerr-selection-areal-radius-definition-expansion-product/1procs" time="">
</testcase>
<testcase classname="AHFinderDirect" name="Kerr-selection-areal-radius-definition-expansion-product-EE/1procs" time="">
</testcase>
<testcase classname="AHFinderDirect" name="Kerr-selection-mean-coordinate-radius/1procs" time="">
</testcase>
<testcase classname="AHFinderDirect" name="Kerr-selection-mean-coordinate-radius-EE/1procs" time="">
</testcase>
<testcase classname="AHFinderDirect" name="checkpointML-EE/1procs" time="">
</testcase>
<testcase classname="AHFinderDirect" name="misner1.2-025/1procs" time="">
</testcase>
<testcase classname="AHFinderDirect" name="recoverML-EE/1procs" time="">
</testcase>
<testcase classname="Baikal" name="magnetizedTOV-Baikal/1procs" time="">
</testcase>
<testcase classname="BaikalVacuum" name="BaikalVacuum_EE_O8_sgw3d/1procs" time="">
</testcase>
<testcase classname="Carpet" name="64k2/1procs" time="">
</testcase>
<testcase classname="Carpet" name="test_restrict_sync/1procs" time="">
</testcase>
<testcase classname="CarpetEvolutionMask" name="CarpetEvolutionMask_test/1procs" time="">
</testcase>
<testcase classname="CarpetEvolutionMask" name="CarpetEvolutionMask_test_off/1procs" time="">
</testcase>
<testcase classname="CarpetIOHDF5" name="CarpetWaveToyNewRecover_test_1proc/1procs" time="">
</testcase>
<testcase classname="CarpetIOHDF5" name="CarpetWaveToyRecover_test_1proc/1procs" time="">
</testcase>
<testcase classname="CarpetIOHDF5" name="newsep/1procs" time="">
</testcase>
<testcase classname="CarpetIOHDF5" name="nobuffers/1procs" time="">
</testcase>
<testcase classname="CarpetIOScalar" name="coords/1procs" time="">
</testcase>
<testcase classname="CarpetIOScalar" name="coords2/1procs" time="">
</testcase>
<testcase classname="CarpetIOScalar" name="coords3/1procs" time="">
</testcase>
<testcase classname="CarpetIOScalar" name="coords4/1procs" time="">
</testcase>
<testcase classname="CarpetIOScalar" name="newsep/1procs" time="">
</testcase>
<testcase classname="CarpetIntegrateTest" name="carpetintegrate/1procs" time="">
</testcase>
<testcase classname="CarpetIntegrateTest" name="carpetintegrate-linear/1procs" time="">
</testcase>
<testcase classname="CarpetInterp" name="waveinterp-1p/1procs" time="">
</testcase>
<testcase classname="CarpetProlongateTest" name="test_cc_tvd/1procs" time="">
</testcase>
<testcase classname="CarpetProlongateTest" name="test_cc_tvd_hi/1procs" time="">
</testcase>
<testcase classname="CarpetProlongateTest" name="test_cc_tvd_x/1procs" time="">
</testcase>
<testcase classname="CarpetProlongateTest" name="test_cc_tvd_y/1procs" time="">
</testcase>
<testcase classname="CarpetProlongateTest" name="test_cc_tvd_z/1procs" time="">
</testcase>
<testcase classname="CarpetProlongateTest" name="test_interp/1procs" time="">
</testcase>
<testcase classname="CarpetReduce" name="nonstaggered/1procs" time="">
</testcase>
<testcase classname="CarpetReduce" name="nonstaggered_excl/1procs" time="">
</testcase>
<testcase classname="CarpetReduce" name="periodic_weight/1procs" time="">
</testcase>
<testcase classname="CarpetReduce" name="staggered/1procs" time="">
</testcase>
<testcase classname="CarpetRegrid2" name="regrid2_2D/1procs" time="">
</testcase>
<testcase classname="CarpetRegrid2" name="regrid2_2cen/1procs" time="">
</testcase>
<testcase classname="CarpetRegrid2" name="regrid2_2cen_minfrac/1procs" time="">
</testcase>
<testcase classname="Cartoon2D" name="carpet/1procs" time="">
</testcase>
<testcase classname="Dissipation" name="test_ah/1procs" time="">
</testcase>
<testcase classname="Dissipation" name="test_ob/1procs" time="">
</testcase>
<testcase classname="DistortedBHIVP" name="E2xeon_test_dbh/1procs" time="">
</testcase>
<testcase classname="DistortedBHIVP" name="test_dbh/1procs" time="">
</testcase>
<testcase classname="EOS_Omni" name="eos_omni/1procs" time="">
</testcase>
<testcase classname="EinsteinExact_Test" name="GaugeWave/1procs" time="">
</testcase>
<testcase classname="EinsteinExact_Test" name="KerrSchild/1procs" time="">
</testcase>
<testcase classname="EinsteinExact_Test" name="Minkowski/1procs" time="">
</testcase>
<testcase classname="EinsteinExact_Test" name="ModifiedSchwarzschildBL/1procs" time="">
</testcase>
<testcase classname="EinsteinExact_Test" name="ShiftedGaugeWave/1procs" time="">
</testcase>
<testcase classname="EinsteinExact_Test" name="Vaidya2/1procs" time="">
</testcase>
<testcase classname="Exact" name="Schwarzschild_EF/1procs" time="">
</testcase>
<testcase classname="Exact" name="bowl-init/1procs" time="">
</testcase>
<testcase classname="Extract" name="qc0-mclachlan/1procs" time="">
</testcase>
<testcase classname="FishboneMoncriefID" name="FishboneMoncrief_IllinoisGRMHD-LLR/1procs" time="">
</testcase>
<testcase classname="GRHydro" name="GRHydro_test_shock/1procs" time="">
</testcase>
<testcase classname="GRHydro" name="GRHydro_test_shock_hllc/1procs" time="">
</testcase>
<testcase classname="GRHydro" name="GRHydro_test_shock_mp5/1procs" time="">
</testcase>
<testcase classname="GRHydro" name="GRHydro_test_shock_ppm/1procs" time="">
</testcase>
<testcase classname="GRHydro" name="GRHydro_test_shock_weno/1procs" time="">
</testcase>
<testcase classname="GRHydro" name="tov_slowsector/1procs" time="">
</testcase>
<testcase classname="GRHydro_InitData" name="magtov_poloidal/1procs" time="">
</testcase>
<testcase classname="GRHydro_InitData" name="magtov_poloidal_poloidal_P_p_2/1procs" time="">
</testcase>
<testcase classname="GiRaFFE" name="GiRaFFE_tests_AlfvenWave/1procs" time="">
</testcase>
<testcase classname="GiRaFFE" name="GiRaFFE_tests_AlignedRotator/1procs" time="">
</testcase>
<testcase classname="GiRaFFE" name="GiRaFFE_tests_DegenAlfvenWave/1procs" time="">
</testcase>
<testcase classname="GiRaFFE" name="GiRaFFE_tests_ExactWald/1procs" time="">
</testcase>
<testcase classname="GiRaFFE" name="GiRaFFE_tests_FFEBreak/1procs" time="">
</testcase>
<testcase classname="GiRaFFE" name="GiRaFFE_tests_FastWave/1procs" time="">
</testcase>
<testcase classname="GiRaFFE" name="GiRaFFE_tests_MagnetoWald/1procs" time="">
</testcase>
<testcase classname="GiRaFFE" name="GiRaFFE_tests_SplitMonopole/1procs" time="">
</testcase>
<testcase classname="GiRaFFE" name="GiRaFFE_tests_ThreeWave/1procs" time="">
</testcase>
<testcase classname="HighOrderWaveTest" name="test_restrict_sync/1procs" time="">
</testcase>
<testcase classname="Hydro_Analysis" name="tov_mass_test/1procs" time="">
</testcase>
<testcase classname="Hydro_Analysis" name="two_tov/1procs" time="">
</testcase>
<testcase classname="Hydro_InitExcision" name="diag_flip_pugh_eno/1procs" time="">
</testcase>
<testcase classname="Hydro_InitExcision" name="diag_pugh_eno/1procs" time="">
</testcase>
<testcase classname="Hydro_InitExcision" name="sphere_pugh_ppm/1procs" time="">
</testcase>
<testcase classname="Hydro_InitExcision" name="x_flip_pugh_eno/1procs" time="">
</testcase>
<testcase classname="Hydro_InitExcision" name="x_pugh_eno/1procs" time="">
</testcase>
<testcase classname="Hydro_RNSID" name="rnsA2/1procs" time="">
</testcase>
<testcase classname="IDAnalyticBH" name="kerr/1procs" time="">
</testcase>
<testcase classname="IDAnalyticBH" name="test_bl/1procs" time="">
</testcase>
<testcase classname="IDAnalyticBH" name="test_misner/1procs" time="">
</testcase>
<testcase classname="IDAxiBrillBH" name="test_axibrill/1procs" time="">
</testcase>
<testcase classname="IDAxiBrillBH" name="test_axibrill_nostagger/1procs" time="">
</testcase>
<testcase classname="IDAxiOddBrillBH" name="E2xeon_test_axioddbh/1procs" time="">
</testcase>
<testcase classname="IDAxiOddBrillBH" name="test_axioddbh/1procs" time="">
</testcase>
<testcase classname="IDLinearWaves" name="test_pw_ADM_dir-x/1procs" time="">
</testcase>
<testcase classname="IDLinearWaves" name="test_pw_ADM_dir-z/1procs" time="">
</testcase>
<testcase classname="IDScalarWaveElliptic" name="test_waveell/1procs" time="">
</testcase>
<testcase classname="IOHDF5" name="test_recover/1procs" time="">
</testcase>
<testcase classname="IllinoisGRMHD" name="magnetizedTOV/1procs" time="">
</testcase>
<testcase classname="InterpToArray" name="wavetoy/1procs" time="">
</testcase>
<testcase classname="LlamaWaveToy" name="llamawavetoy_6patch/1procs" time="">
</testcase>
<testcase classname="LlamaWaveToy" name="llamawavetoy_7patch/1procs" time="">
</testcase>
<testcase classname="ML_BSSN_Test" name="ML_ADMConstraints/1procs" time="">
</testcase>
<testcase classname="ML_BSSN_Test" name="ML_BSSN_EE_sgw3d/1procs" time="">
</testcase>
<testcase classname="ML_BSSN_Test" name="ML_BSSN_EE_sgw3d_rhs/1procs" time="">
</testcase>
<testcase classname="ML_BSSN_Test" name="ML_BSSN_MP_O8_bh/1procs" time="">
</testcase>
<testcase classname="ML_BSSN_Test" name="ML_BSSN_NewRad/1procs" time="">
</testcase>
<testcase classname="ML_BSSN_Test" name="ML_BSSN_O8_sgw3d/1procs" time="">
</testcase>
<testcase classname="ML_BSSN_Test" name="ML_BSSN_sgw3d/1procs" time="">
</testcase>
<testcase classname="ML_BSSN_Test" name="ML_BSSN_sgw3d_harmonic/1procs" time="">
</testcase>
<testcase classname="ML_BSSN_Test" name="ML_BSSN_sgw3d_harmonic_phi/1procs" time="">
</testcase>
<testcase classname="ML_BSSN_Test" name="ML_BSSN_sgw3d_rhs/1procs" time="">
</testcase>
<testcase classname="ML_CCZ4_Test" name="ML_CCZ4_sgw3d/1procs" time="">
</testcase>
<testcase classname="ML_CCZ4_Test" name="ML_CCZ4_sgw3d_rhs/1procs" time="">
</testcase>
<testcase classname="ML_WaveToy_Test" name="gaussian-RK4/1procs" time="">
</testcase>
<testcase classname="ML_WaveToy_Test" name="gaussian-RK45/1procs" time="">
</testcase>
<testcase classname="ML_WaveToy_Test" name="gaussian-RK45-adaptive/1procs" time="">
</testcase>
<testcase classname="MemSpeed" name="memspeed/1procs" time="">
</testcase>
<testcase classname="Multipole" name="test_22/1procs" time="">
</testcase>
<testcase classname="Multipole" name="test_31/1procs" time="">
</testcase>
<testcase classname="Multipole" name="test_44/1procs" time="">
</testcase>
<testcase classname="Multipole" name="test_driscollhealy/1procs" time="">
</testcase>
<testcase classname="Multipole" name="test_midpoint/1procs" time="">
</testcase>
<testcase classname="Multipole" name="test_rads/1procs" time="">
</testcase>
<testcase classname="Multipole" name="test_simpson/1procs" time="">
</testcase>
<testcase classname="Multipole" name="test_trapezoidal/1procs" time="">
</testcase>
<testcase classname="Multipole" name="test_vars/1procs" time="">
</testcase>
<testcase classname="NPScalars" name="teukolsky/1procs" time="">
</testcase>
<testcase classname="NPScalars_Proca" name="LeanBSSN_Ei_mu0.4_c0.05/1procs" time="">
</testcase>
<testcase classname="NaNChecker" name="nancount/1procs" time="">
</testcase>
<testcase classname="Outflow" name="moving_tov/1procs" time="">
</testcase>
<testcase classname="PAPI" name="papi/1procs" time="">
</testcase>
<testcase classname="PeriodicCarpet" name="testperiodicinterp/1procs" time="">
</testcase>
<testcase classname="ProcaEvolve" name="LeanBSSN_Ei_mu0.4_c0.05/1procs" time="">
</testcase>
<testcase classname="ProcaEvolve" name="ML_BSSN_Ei_mu0.4_c0.05/1procs" time="">
</testcase>
<testcase classname="Proca_simpleID" name="LeanBSSN_Ei_mu0.4_c0.05/1procs" time="">
</testcase>
<testcase classname="QuasiLocalMeasures" name="qlm-bl/1procs" time="">
</testcase>
<testcase classname="QuasiLocalMeasures" name="qlm-ks/1procs" time="">
</testcase>
<testcase classname="QuasiLocalMeasures" name="qlm-ks-EE/1procs" time="">
</testcase>
<testcase classname="QuasiLocalMeasures" name="qlm-ks-boosted/1procs" time="">
</testcase>
<testcase classname="QuasiLocalMeasures" name="qlm-ks-shifted/1procs" time="">
</testcase>
<testcase classname="QuasiLocalMeasures" name="qlm-ks-tilted/1procs" time="">
</testcase>
<testcase classname="QuasiLocalMeasures" name="qlm-minkowski/1procs" time="">
</testcase>
<testcase classname="ReadInterpolate" name="synthetic/1procs" time="">
</testcase>
<testcase classname="RotatingDBHIVP" name="E2xeon_test_rdbh/1procs" time="">
</testcase>
<testcase classname="RotatingDBHIVP" name="test_rdbh/1procs" time="">
</testcase>
<testcase classname="SampleBoundary" name="wavetoyc/1procs" time="">
</testcase>
<testcase classname="Seed_Magnetic_Fields_BNS" name="magnetized_explosionTOV/1procs" time="">
</testcase>
<testcase classname="SlabTest" name="slabtest/1procs" time="">
</testcase>
<testcase classname="SphericalHarmonicRecon" name="regression_test/1procs" time="">
</testcase>
<testcase classname="SphericalHarmonicReconGen" name="SpEC-dat-test/1procs" time="">
</testcase>
<testcase classname="SphericalHarmonicReconGen" name="SpEC-h5-test/1procs" time="">
</testcase>
<testcase classname="TerminationTrigger" name="file/1procs" time="">
</testcase>
<testcase classname="TerminationTrigger" name="signal/1procs" time="">
</testcase>
<testcase classname="TerminationTrigger" name="walltime/1procs" time="">
</testcase>
<testcase classname="TestArrays" name="arrays/1procs" time="">
</testcase>
<testcase classname="TestArrays" name="arrays0/1procs" time="">
</testcase>
<testcase classname="TestComplex" name="TestComplex/1procs" time="">
</testcase>
<testcase classname="TestComplex" name="TestComplexPow/1procs" time="">
</testcase>
<testcase classname="TestFpointerNULL" name="test_fpointer_null/1procs" time="">
</testcase>
<testcase classname="TestGlobalReduce" name="TestAvg/1procs" time="">
</testcase>
<testcase classname="TestGlobalReduce" name="TestAvg_dest0/1procs" time="">
</testcase>
<testcase classname="TestGlobalReduce" name="TestMax/1procs" time="">
</testcase>
<testcase classname="TestGlobalReduce" name="TestMax_dest0/1procs" time="">
</testcase>
<testcase classname="TestGlobalReduce" name="TestMin/1procs" time="">
</testcase>
<testcase classname="TestGlobalReduce" name="TestMin_dest0/1procs" time="">
</testcase>
<testcase classname="TestGlobalReduce" name="TestScalar/1procs" time="">
</testcase>
<testcase classname="TestGlobalReduce" name="TestSum/1procs" time="">
</testcase>
<testcase classname="TestGlobalReduce" name="TestSum_dest0/1procs" time="">
</testcase>
<testcase classname="TestGlobalReduce" name="TestWeightAvg/1procs" time="">
</testcase>
<testcase classname="TestGlobalReduce" name="TestWeightMax/1procs" time="">
</testcase>
<testcase classname="TestGlobalReduce" name="TestWeightMin/1procs" time="">
</testcase>
<testcase classname="TestGlobalReduce" name="TestWeightSum/1procs" time="">
</testcase>
<testcase classname="TestGlobalReduce" name="gaussianMax/1procs" time="">
</testcase>
<testcase classname="TestGlobalReduce" name="gaussianMax_dest0/1procs" time="">
</testcase>
<testcase classname="TestGlobalReduce" name="gaussianSum/1procs" time="">
</testcase>
<testcase classname="TestGlobalReduce" name="gaussianSum_dest0/1procs" time="">
</testcase>
<testcase classname="TestLocalInterp2" name="test_local_interp_2/1procs" time="">
</testcase>
<testcase classname="TestLocalReduce" name="TestAvg/1procs" time="">
</testcase>
<testcase classname="TestLocalReduce" name="TestMax/1procs" time="">
</testcase>
<testcase classname="TestLocalReduce" name="TestSum/1procs" time="">
</testcase>
<testcase classname="TestPar" name="expressions/1procs" time="">
</testcase>
<testcase classname="TestReadWrite" name="ReadWriteCarpet/1procs" time="">
</testcase>
<testcase classname="Trigger" name="trigger/1procs" time="">
</testcase>
<testcase classname="TwoPunctures" name="bhns_eval/1procs" time="">
</testcase>
<testcase classname="TwoPunctures" name="bhns_interp/1procs" time="">
</testcase>
<testcase classname="TwoPunctures_KerrProca" name="twopunctures_kerrproca_c11/1procs" time="">
</testcase>
<testcase classname="Vectors" name="vectors/1procs" time="">
</testcase>
<testcase classname="VolumeIntegrals_GRMHD" name="magnetized_explosionTOV/1procs" time="">
</testcase>
<testcase classname="VolumeIntegrals_vacuum" name="magnetized_explosionTOV/1procs" time="">
</testcase>
<testcase classname="WaveBinarySource" name="test_binary_1/1procs" time="">
</testcase>
<testcase classname="WaveMoL" name="gaussian/1procs" time="">
</testcase>
<testcase classname="WaveToy1DF77" name="wavetoy1df77/1procs" time="">
</testcase>
<testcase classname="WaveToy2DF77" name="test_WaveToy2D/1procs" time="">
</testcase>
<testcase classname="WaveToyC" name="test_rad/1procs" time="">
</testcase>
<testcase classname="WaveToyC" name="wave_output/1procs" time="">
</testcase>
<testcase classname="WaveToyCXX" name="test_rad/1procs" time="">
</testcase>
<testcase classname="WaveToyExtra" name="test_custom/1procs" time="">
</testcase>
<testcase classname="WaveToyF77" name="test_rad/1procs" time="">
</testcase>
<testcase classname="WaveToyF77" name="test_rob/1procs" time="">
</testcase>
<testcase classname="WaveToyF90" name="test_rad/1procs" time="">
</testcase>
<testcase classname="WaveToyF90" name="test_wavef90_flat/1procs" time="">
</testcase>
<testcase classname="WaveToyF90" name="test_wavef90_zero/1procs" time="">
</testcase>
<testcase classname="WaveToyFreeF90" name="test_rad/1procs" time="">
</testcase>
<testcase classname="WeylScal4" name="teukolsky/1procs" time="">
</testcase>
<testcase classname="WeylScal4" name="teukolskyID/1procs" time="">
</testcase>
<testcase classname="WeylScal4" name="teukolskyParity/1procs" time="">
</testcase>
<testcase classname="particle_tracerET" name="magnetized_explosionTOV/1procs" time="">
</testcase>
<testcase classname="smallbPoynET" name="magnetized_explosionTOV/1procs" time="">
</testcase>
<testcase classname="AHFinder" name="test_AHF_1/2procs" time="">
</testcase>
<testcase classname="AHFinder" name="test_AHF_2/2procs" time="">
</testcase>
<testcase classname="AHFinderDirect" name="Kerr/2procs" time="">
</testcase>
<testcase classname="AHFinderDirect" name="Kerr-Cartoon/2procs" time="">
</testcase>
<testcase classname="AHFinderDirect" name="Kerr-Cartoon-EE/2procs" time="">
</testcase>
<testcase classname="AHFinderDirect" name="Kerr-EE/2procs" time="">
</testcase>
<testcase classname="AHFinderDirect" name="Kerr-definition-expansion/2procs" time="">
</testcase>
<testcase classname="AHFinderDirect" name="Kerr-definition-expansion-EE/2procs" time="">
</testcase>
<testcase classname="AHFinderDirect" name="Kerr-definition-expansion-product/2procs" time="">
</testcase>
<testcase classname="AHFinderDirect" name="Kerr-definition-expansion-product-EE/2procs" time="">
</testcase>
<testcase classname="AHFinderDirect" name="Kerr-definition-inner-expansion/2procs" time="">
</testcase>
<testcase classname="AHFinderDirect" name="Kerr-definition-inner-expansion-EE/2procs" time="">
</testcase>
<testcase classname="AHFinderDirect" name="Kerr-definition-mean-curvature/2procs" time="">
</testcase>
<testcase classname="AHFinderDirect" name="Kerr-definition-mean-curvature-EE/2procs" time="">
</testcase>
<testcase classname="AHFinderDirect" name="Kerr-modification-radius/2procs" time="">
</testcase>
<testcase classname="AHFinderDirect" name="Kerr-modification-radius-EE/2procs" time="">
</testcase>
<testcase classname="AHFinderDirect" name="Kerr-rotating-180/2procs" time="">
</testcase>
<testcase classname="AHFinderDirect" name="Kerr-rotating-180-EE/2procs" time="">
</testcase>
<testcase classname="AHFinderDirect" name="Kerr-rotating-90/2procs" time="">
</testcase>
<testcase classname="AHFinderDirect" name="Kerr-rotating-90-EE/2procs" time="">
</testcase>
<testcase classname="AHFinderDirect" name="Kerr-selection-areal-radius/2procs" time="">
</testcase>
<testcase classname="AHFinderDirect" name="Kerr-selection-areal-radius-EE/2procs" time="">
</testcase>
<testcase classname="AHFinderDirect" name="Kerr-selection-areal-radius-definition-expansion-product/2procs" time="">
</testcase>
<testcase classname="AHFinderDirect" name="Kerr-selection-areal-radius-definition-expansion-product-EE/2procs" time="">
</testcase>
<testcase classname="AHFinderDirect" name="Kerr-selection-mean-coordinate-radius/2procs" time="">
</testcase>
<testcase classname="AHFinderDirect" name="Kerr-selection-mean-coordinate-radius-EE/2procs" time="">
</testcase>
<testcase classname="AHFinderDirect" name="checkpointML-EE/2procs" time="">
</testcase>
<testcase classname="AHFinderDirect" name="misner1.2-025/2procs" time="">
</testcase>
<testcase classname="AHFinderDirect" name="recoverML-EE/2procs" time="">
</testcase>
<testcase classname="Baikal" name="magnetizedTOV-Baikal/2procs" time="">
</testcase>
<testcase classname="BaikalVacuum" name="BaikalVacuum_EE_O8_sgw3d/2procs" time="">
</testcase>
<testcase classname="CT_MultiLevel" name="boostedpuncture/2procs" time="">
</testcase>
<testcase classname="CT_MultiLevel" name="constraints_spherical/2procs" time="">
</testcase>
<testcase classname="CT_MultiLevel" name="poisson/2procs" time="">
</testcase>
<testcase classname="Carpet" name="64k2/2procs" time="">
</testcase>
<testcase classname="Carpet" name="kasner/2procs" time="">
</testcase>
<testcase classname="Carpet" name="kasner_amr/2procs" time="">
</testcase>
<testcase classname="Carpet" name="no-overlap/2procs" time="">
</testcase>
<testcase classname="Carpet" name="overlap/2procs" time="">
</testcase>
<testcase classname="Carpet" name="presync/2procs" time="">
</testcase>
<testcase classname="Carpet" name="test_restrict_sync/2procs" time="">
</testcase>
<testcase classname="CarpetEvolutionMask" name="CarpetEvolutionMask_test/2procs" time="">
</testcase>
<testcase classname="CarpetEvolutionMask" name="CarpetEvolutionMask_test_off/2procs" time="">
</testcase>
<testcase classname="CarpetEvolutionMask" name="buffer_mask/2procs" time="">
</testcase>
<testcase classname="CarpetIOASCII" name="compact/2procs" time="">
</testcase>
<testcase classname="CarpetIOASCII" name="coords/2procs" time="">
</testcase>
<testcase classname="CarpetIOASCII" name="grid-coords/2procs" time="">
</testcase>
<testcase classname="CarpetIOASCII" name="newsep/2procs" time="">
</testcase>
<testcase classname="CarpetIOHDF5" name="CarpetWaveToyNewRecover_test_1proc/2procs" time="">
</testcase>
<testcase classname="CarpetIOHDF5" name="CarpetWaveToyRecover_test_1proc/2procs" time="">
</testcase>
<testcase classname="CarpetIOHDF5" name="CarpetWaveToyRecover_test_2proc/2procs" time="">
</testcase>
<testcase classname="CarpetIOHDF5" name="newsep/2procs" time="">
</testcase>
<testcase classname="CarpetIOHDF5" name="nobuffers/2procs" time="">
</testcase>
<testcase classname="CarpetIOHDF5" name="presyncRecover/2procs" time="">
</testcase>
<testcase classname="CarpetIOScalar" name="coords/2procs" time="">
</testcase>
<testcase classname="CarpetIOScalar" name="coords2/2procs" time="">
</testcase>
<testcase classname="CarpetIOScalar" name="coords3/2procs" time="">
</testcase>
<testcase classname="CarpetIOScalar" name="coords4/2procs" time="">
</testcase>
<testcase classname="CarpetIOScalar" name="newsep/2procs" time="">
</testcase>
<testcase classname="CarpetIntegrateTest" name="carpetintegrate/2procs" time="">
</testcase>
<testcase classname="CarpetIntegrateTest" name="carpetintegrate-linear/2procs" time="">
</testcase>
<testcase classname="CarpetInterp" name="waveinterp-1p/2procs" time="">
</testcase>
<testcase classname="CarpetInterp" name="waveinterp-2p/2procs" time="">
</testcase>
<testcase classname="CarpetProlongateTest" name="test_cc_horest_o3/2procs" time="">
</testcase>
<testcase classname="CarpetProlongateTest" name="test_cc_horest_o5/2procs" time="">
</testcase>
<testcase classname="CarpetProlongateTest" name="test_cc_o0/2procs" time="">
</testcase>
<testcase classname="CarpetProlongateTest" name="test_cc_o1/2procs" time="">
</testcase>
<testcase classname="CarpetProlongateTest" name="test_cc_o2/2procs" time="">
</testcase>
<testcase classname="CarpetProlongateTest" name="test_cc_o3/2procs" time="">
</testcase>
<testcase classname="CarpetProlongateTest" name="test_cc_o4/2procs" time="">
</testcase>
<testcase classname="CarpetProlongateTest" name="test_cc_o5/2procs" time="">
</testcase>
<testcase classname="CarpetProlongateTest" name="test_cc_rest_o0/2procs" time="">
</testcase>
<testcase classname="CarpetProlongateTest" name="test_cc_rest_o1/2procs" time="">
</testcase>
<testcase classname="CarpetProlongateTest" name="test_cc_rest_o2/2procs" time="">
</testcase>
<testcase classname="CarpetProlongateTest" name="test_cc_rest_o3/2procs" time="">
</testcase>
<testcase classname="CarpetProlongateTest" name="test_cc_rest_o4/2procs" time="">
</testcase>
<testcase classname="CarpetProlongateTest" name="test_cc_rest_o5/2procs" time="">
</testcase>
<testcase classname="CarpetProlongateTest" name="test_cc_tvd/2procs" time="">
</testcase>
<testcase classname="CarpetProlongateTest" name="test_cc_tvd_hi/2procs" time="">
</testcase>
<testcase classname="CarpetProlongateTest" name="test_cc_tvd_x/2procs" time="">
</testcase>
<testcase classname="CarpetProlongateTest" name="test_cc_tvd_y/2procs" time="">
</testcase>
<testcase classname="CarpetProlongateTest" name="test_cc_tvd_z/2procs" time="">
</testcase>
<testcase classname="CarpetProlongateTest" name="test_interp/2procs" time="">
</testcase>
<testcase classname="CarpetProlongateTest" name="test_o1/2procs" time="">
</testcase>
<testcase classname="CarpetProlongateTest" name="test_o11/2procs" time="">
</testcase>
<testcase classname="CarpetProlongateTest" name="test_o3/2procs" time="">
</testcase>
<testcase classname="CarpetProlongateTest" name="test_o5/2procs" time="">
</testcase>
<testcase classname="CarpetProlongateTest" name="test_o7/2procs" time="">
</testcase>
<testcase classname="CarpetProlongateTest" name="test_o9/2procs" time="">
</testcase>
<testcase classname="CarpetReduce" name="nonstaggered/2procs" time="">
</testcase>
<testcase classname="CarpetReduce" name="nonstaggered_excl/2procs" time="">
</testcase>
<testcase classname="CarpetReduce" name="periodic_weight/2procs" time="">
</testcase>
<testcase classname="CarpetReduce" name="staggered/2procs" time="">
</testcase>
<testcase classname="CarpetRegrid2" name="regrid2_2D/2procs" time="">
</testcase>
<testcase classname="CarpetRegrid2" name="regrid2_2cen/2procs" time="">
</testcase>
<testcase classname="CarpetRegrid2" name="regrid2_2cen_minfrac/2procs" time="">
</testcase>
<testcase classname="CarpetRegrid2" name="regrid2_granularity/2procs" time="">
</testcase>
<testcase classname="Cartoon2D" name="carpet/2procs" time="">
</testcase>
<testcase classname="Coordinates" name="test7patch/2procs" time="">
</testcase>
<testcase classname="Dissipation" name="test_ah/2procs" time="">
</testcase>
<testcase classname="Dissipation" name="test_ob/2procs" time="">
</testcase>
<testcase classname="DistortedBHIVP" name="E2xeon_test_dbh/2procs" time="">
</testcase>
<testcase classname="DistortedBHIVP" name="test_dbh/2procs" time="">
</testcase>
<testcase classname="EOS_Omni" name="eos_omni/2procs" time="">
</testcase>
<testcase classname="EinsteinExact_Test" name="GaugeWave/2procs" time="">
</testcase>
<testcase classname="EinsteinExact_Test" name="KerrSchild/2procs" time="">
</testcase>
<testcase classname="EinsteinExact_Test" name="Minkowski/2procs" time="">
</testcase>
<testcase classname="EinsteinExact_Test" name="ModifiedSchwarzschildBL/2procs" time="">
</testcase>
<testcase classname="EinsteinExact_Test" name="ShiftedGaugeWave/2procs" time="">
</testcase>
<testcase classname="EinsteinExact_Test" name="Vaidya2/2procs" time="">
</testcase>
<testcase classname="Exact" name="Schwarzschild_EF/2procs" time="">
</testcase>
<testcase classname="Exact" name="bowl-init/2procs" time="">
</testcase>
<testcase classname="Extract" name="qc0-mclachlan/2procs" time="">
</testcase>
<testcase classname="FishboneMoncriefID" name="FishboneMoncrief_IllinoisGRMHD-LLR/2procs" time="">
</testcase>
<testcase classname="GRHydro" name="GRHydro_test_shock/2procs" time="">
</testcase>
<testcase classname="GRHydro" name="GRHydro_test_shock_hllc/2procs" time="">
</testcase>
<testcase classname="GRHydro" name="GRHydro_test_shock_mp5/2procs" time="">
</testcase>
<testcase classname="GRHydro" name="GRHydro_test_shock_ppm/2procs" time="">
</testcase>
<testcase classname="GRHydro" name="GRHydro_test_shock_weno/2procs" time="">
</testcase>
<testcase classname="GRHydro" name="balsara1_1d/2procs" time="">
</testcase>
<testcase classname="GRHydro" name="balsara1_1d_dc/2procs" time="">
</testcase>
<testcase classname="GRHydro" name="balsara1_2d/2procs" time="">
</testcase>
<testcase classname="GRHydro" name="balsara1_2d_dc/2procs" time="">
</testcase>
<testcase classname="GRHydro" name="balsara2_1d/2procs" time="">
</testcase>
<testcase classname="GRHydro" name="balsara2_2d/2procs" time="">
</testcase>
<testcase classname="GRHydro" name="balsara3_1d/2procs" time="">
</testcase>
<testcase classname="GRHydro" name="balsara3_2d/2procs" time="">
</testcase>
<testcase classname="GRHydro" name="balsara4_1d/2procs" time="">
</testcase>
<testcase classname="GRHydro" name="balsara4_2d/2procs" time="">
</testcase>
<testcase classname="GRHydro" name="balsara5_1d/2procs" time="">
</testcase>
<testcase classname="GRHydro" name="balsara5_2d/2procs" time="">
</testcase>
<testcase classname="GRHydro" name="cylexp_tvd_mc2_hlle/2procs" time="">
</testcase>
<testcase classname="GRHydro" name="cylexp_tvd_mc2_hlle_dc/2procs" time="">
</testcase>
<testcase classname="GRHydro" name="test_tov_carpet_refined_nosync/2procs" time="">
</testcase>
<testcase classname="GRHydro" name="tov_carpetevolutionmask/2procs" time="">
</testcase>
<testcase classname="GRHydro" name="tov_carpetevolutionmask2/2procs" time="">
</testcase>
<testcase classname="GRHydro" name="tov_slowsector/2procs" time="">
</testcase>
<testcase classname="GRHydro_InitData" name="magtov_poloidal/2procs" time="">
</testcase>
<testcase classname="GRHydro_InitData" name="magtov_poloidal_poloidal_P_p_2/2procs" time="">
</testcase>
<testcase classname="GiRaFFE" name="GiRaFFE_tests_AlfvenWave/2procs" time="">
</testcase>
<testcase classname="GiRaFFE" name="GiRaFFE_tests_AlignedRotator/2procs" time="">
</testcase>
<testcase classname="GiRaFFE" name="GiRaFFE_tests_DegenAlfvenWave/2procs" time="">
</testcase>
<testcase classname="GiRaFFE" name="GiRaFFE_tests_ExactWald/2procs" time="">
</testcase>
<testcase classname="GiRaFFE" name="GiRaFFE_tests_FFEBreak/2procs" time="">
</testcase>
<testcase classname="GiRaFFE" name="GiRaFFE_tests_FastWave/2procs" time="">
</testcase>
<testcase classname="GiRaFFE" name="GiRaFFE_tests_MagnetoWald/2procs" time="">
</testcase>
<testcase classname="GiRaFFE" name="GiRaFFE_tests_SplitMonopole/2procs" time="">
</testcase>
<testcase classname="GiRaFFE" name="GiRaFFE_tests_ThreeWave/2procs" time="">
</testcase>
<testcase classname="HighOrderWaveTest" name="test_restrict_sync/2procs" time="">
</testcase>
<testcase classname="Hydro_Analysis" name="tov_mass_test/2procs" time="">
</testcase>
<testcase classname="Hydro_Analysis" name="two_tov/2procs" time="">
</testcase>
<testcase classname="Hydro_InitExcision" name="diag_flip_pugh_eno/2procs" time="">
</testcase>
<testcase classname="Hydro_InitExcision" name="diag_pugh_eno/2procs" time="">
</testcase>
<testcase classname="Hydro_InitExcision" name="sphere_pugh_ppm/2procs" time="">
</testcase>
<testcase classname="Hydro_InitExcision" name="x_flip_pugh_eno/2procs" time="">
</testcase>
<testcase classname="Hydro_InitExcision" name="x_pugh_eno/2procs" time="">
</testcase>
<testcase classname="Hydro_RNSID" name="rnsA2/2procs" time="">
</testcase>
<testcase classname="IDAnalyticBH" name="kerr/2procs" time="">
</testcase>
<testcase classname="IDAnalyticBH" name="test_bl/2procs" time="">
</testcase>
<testcase classname="IDAnalyticBH" name="test_misner/2procs" time="">
</testcase>
<testcase classname="IDAxiBrillBH" name="test_axibrill/2procs" time="">
</testcase>
<testcase classname="IDAxiBrillBH" name="test_axibrill_nostagger/2procs" time="">
</testcase>
<testcase classname="IDAxiOddBrillBH" name="E2xeon_test_axioddbh/2procs" time="">
</testcase>
<testcase classname="IDAxiOddBrillBH" name="test_axioddbh/2procs" time="">
</testcase>
<testcase classname="IDLinearWaves" name="test_pw_ADM_dir-x/2procs" time="">
</testcase>
<testcase classname="IDLinearWaves" name="test_pw_ADM_dir-z/2procs" time="">
</testcase>
<testcase classname="IDScalarWaveElliptic" name="test_waveell/2procs" time="">
</testcase>
<testcase classname="IOHDF5" name="test_recover/2procs" time="">
</testcase>
<testcase classname="IllinoisGRMHD" name="magnetizedTOV/2procs" time="">
</testcase>
<testcase classname="InterpToArray" name="wavetoy/2procs" time="">
</testcase>
<testcase classname="InterpToArray" name="wavetoy2/2procs" time="">
</testcase>
<testcase classname="LeanBSSNMoL" name="LeanBSSN_BY/2procs" time="">
</testcase>
<testcase classname="LeanBSSNMoL" name="LeanBSSN_BY-spin/2procs" time="">
</testcase>
<testcase classname="LeanBSSNMoL" name="LeanBSSN_schw/2procs" time="">
</testcase>
<testcase classname="LlamaWaveToy" name="llamawavetoy_6patch/2procs" time="">
</testcase>
<testcase classname="LlamaWaveToy" name="llamawavetoy_7patch/2procs" time="">
</testcase>
<testcase classname="LoopControl" name="test-minkowski-carpet-1lev/2procs" time="">
</testcase>
<testcase classname="ML_BSSN_Test" name="ML_ADMConstraints/2procs" time="">
</testcase>
<testcase classname="ML_BSSN_Test" name="ML_BSSN_EE_sgw3d/2procs" time="">
</testcase>
<testcase classname="ML_BSSN_Test" name="ML_BSSN_EE_sgw3d_rhs/2procs" time="">
</testcase>
<testcase classname="ML_BSSN_Test" name="ML_BSSN_MP_O8_bh/2procs" time="">
</testcase>
<testcase classname="ML_BSSN_Test" name="ML_BSSN_NewRad/2procs" time="">
</testcase>
<testcase classname="ML_BSSN_Test" name="ML_BSSN_O8_sgw3d/2procs" time="">
</testcase>
<testcase classname="ML_BSSN_Test" name="ML_BSSN_sgw3d/2procs" time="">
</testcase>
<testcase classname="ML_BSSN_Test" name="ML_BSSN_sgw3d_harmonic/2procs" time="">
</testcase>
<testcase classname="ML_BSSN_Test" name="ML_BSSN_sgw3d_harmonic_phi/2procs" time="">
</testcase>
<testcase classname="ML_BSSN_Test" name="ML_BSSN_sgw3d_rhs/2procs" time="">
</testcase>
<testcase classname="ML_CCZ4_Test" name="ML_CCZ4_sgw3d/2procs" time="">
</testcase>
<testcase classname="ML_CCZ4_Test" name="ML_CCZ4_sgw3d_rhs/2procs" time="">
</testcase>
<testcase classname="ML_WaveToy_Test" name="gaussian-RK4/2procs" time="">
</testcase>
<testcase classname="ML_WaveToy_Test" name="gaussian-RK45/2procs" time="">
</testcase>
<testcase classname="ML_WaveToy_Test" name="gaussian-RK45-adaptive/2procs" time="">
</testcase>
<testcase classname="MemSpeed" name="memspeed/2procs" time="">
</testcase>
<testcase classname="Multipole" name="test_22/2procs" time="">
</testcase>
<testcase classname="Multipole" name="test_31/2procs" time="">
</testcase>
<testcase classname="Multipole" name="test_44/2procs" time="">
</testcase>
<testcase classname="Multipole" name="test_driscollhealy/2procs" time="">
</testcase>
<testcase classname="Multipole" name="test_midpoint/2procs" time="">
</testcase>
<testcase classname="Multipole" name="test_rads/2procs" time="">
</testcase>
<testcase classname="Multipole" name="test_simpson/2procs" time="">
</testcase>
<testcase classname="Multipole" name="test_trapezoidal/2procs" time="">
</testcase>
<testcase classname="Multipole" name="test_vars/2procs" time="">
</testcase>
<testcase classname="NPScalars" name="teukolsky/2procs" time="">
</testcase>
<testcase classname="NPScalars_Proca" name="LeanBSSN_Ei_mu0.4_c0.05/2procs" time="">
</testcase>
<testcase classname="NaNChecker" name="nancount/2procs" time="">
</testcase>
<testcase classname="Outflow" name="moving_tov/2procs" time="">
</testcase>
<testcase classname="PAPI" name="papi/2procs" time="">
</testcase>
<testcase classname="PeriodicCarpet" name="ml-gw1d-small/2procs" time="">
</testcase>
<testcase classname="PeriodicCarpet" name="ml-gw1d-small-amr/2procs" time="">
</testcase>
<testcase classname="PeriodicCarpet" name="testperiodicinterp/2procs" time="">
</testcase>
<testcase classname="ProcaEvolve" name="LeanBSSN_Ei_mu0.4_c0.05/2procs" time="">
</testcase>
<testcase classname="ProcaEvolve" name="ML_BSSN_Ei_mu0.4_c0.05/2procs" time="">
</testcase>
<testcase classname="Proca_simpleID" name="LeanBSSN_Ei_mu0.4_c0.05/2procs" time="">
</testcase>
<testcase classname="QuasiLocalMeasures" name="qlm-bl/2procs" time="">
</testcase>
<testcase classname="QuasiLocalMeasures" name="qlm-ks/2procs" time="">
</testcase>
<testcase classname="QuasiLocalMeasures" name="qlm-ks-EE/2procs" time="">
</testcase>
<testcase classname="QuasiLocalMeasures" name="qlm-ks-boosted/2procs" time="">
</testcase>
<testcase classname="QuasiLocalMeasures" name="qlm-ks-shifted/2procs" time="">
</testcase>
<testcase classname="QuasiLocalMeasures" name="qlm-ks-tilted/2procs" time="">
</testcase>
<testcase classname="QuasiLocalMeasures" name="qlm-minkowski/2procs" time="">
</testcase>
<testcase classname="ReadInterpolate" name="admhydro/2procs" time="">
</testcase>
<testcase classname="ReadInterpolate" name="synthetic/2procs" time="">
</testcase>
<testcase classname="RotatingDBHIVP" name="E2xeon_test_rdbh/2procs" time="">
</testcase>
<testcase classname="RotatingDBHIVP" name="test_rdbh/2procs" time="">
</testcase>
<testcase classname="RotatingSymmetry180" name="KerrSchild-rotating-180-EE/2procs" time="">
</testcase>
<testcase classname="RotatingSymmetry90" name="KerrSchild-rotating-90-EE/2procs" time="">
</testcase>
<testcase classname="SampleBoundary" name="wavetoyc/2procs" time="">
</testcase>
<testcase classname="Seed_Magnetic_Fields_BNS" name="magnetized_explosionTOV/2procs" time="">
</testcase>
<testcase classname="SlabTest" name="slabtest/2procs" time="">
</testcase>
<testcase classname="SphericalHarmonicRecon" name="regression_test/2procs" time="">
</testcase>
<testcase classname="SphericalHarmonicReconGen" name="SpEC-dat-test/2procs" time="">
</testcase>
<testcase classname="SphericalHarmonicReconGen" name="SpEC-h5-test/2procs" time="">
</testcase>
<testcase classname="TerminationTrigger" name="file/2procs" time="">
</testcase>
<testcase classname="TerminationTrigger" name="signal/2procs" time="">
</testcase>
<testcase classname="TerminationTrigger" name="walltime/2procs" time="">
</testcase>
<testcase classname="TestArrays" name="arrays/2procs" time="">
</testcase>
<testcase classname="TestArrays" name="arrays0/2procs" time="">
</testcase>
<testcase classname="TestComplex" name="TestComplex/2procs" time="">
</testcase>
<testcase classname="TestComplex" name="TestComplexPow/2procs" time="">
</testcase>
<testcase classname="TestFpointerNULL" name="test_fpointer_null/2procs" time="">
</testcase>
<testcase classname="TestGlobalReduce" name="TestAvg/2procs" time="">
</testcase>
<testcase classname="TestGlobalReduce" name="TestAvg_dest0/2procs" time="">
</testcase>
<testcase classname="TestGlobalReduce" name="TestMax/2procs" time="">
</testcase>
<testcase classname="TestGlobalReduce" name="TestMax_dest0/2procs" time="">
</testcase>
<testcase classname="TestGlobalReduce" name="TestMin/2procs" time="">
</testcase>
<testcase classname="TestGlobalReduce" name="TestMin_dest0/2procs" time="">
</testcase>
<testcase classname="TestGlobalReduce" name="TestScalar/2procs" time="">
</testcase>
<testcase classname="TestGlobalReduce" name="TestSum/2procs" time="">
</testcase>
<testcase classname="TestGlobalReduce" name="TestSum_dest0/2procs" time="">
</testcase>
<testcase classname="TestGlobalReduce" name="TestWeightAvg/2procs" time="">
</testcase>
<testcase classname="TestGlobalReduce" name="TestWeightMax/2procs" time="">
</testcase>
<testcase classname="TestGlobalReduce" name="TestWeightMin/2procs" time="">
</testcase>
<testcase classname="TestGlobalReduce" name="TestWeightSum/2procs" time="">
</testcase>
<testcase classname="TestGlobalReduce" name="gaussianMax/2procs" time="">
</testcase>
<testcase classname="TestGlobalReduce" name="gaussianMax_dest0/2procs" time="">
</testcase>
<testcase classname="TestGlobalReduce" name="gaussianSum/2procs" time="">
</testcase>
<testcase classname="TestGlobalReduce" name="gaussianSum_dest0/2procs" time="">
</testcase>
<testcase classname="TestLocalInterp2" name="test_local_interp_2/2procs" time="">
</testcase>
<testcase classname="TestLocalReduce" name="TestAvg/2procs" time="">
</testcase>
<testcase classname="TestLocalReduce" name="TestMax/2procs" time="">
</testcase>
<testcase classname="TestLocalReduce" name="TestSum/2procs" time="">
</testcase>
<testcase classname="TestMoL" name="ICN/2procs" time="">
</testcase>
<testcase classname="TestMoL" name="ICN-avg/2procs" time="">
</testcase>
<testcase classname="TestMoL" name="RK2/2procs" time="">
</testcase>
<testcase classname="TestMoL" name="RK2-MR-2-1/2procs" time="">
</testcase>
<testcase classname="TestMoL" name="RK2-central/2procs" time="">
</testcase>
<testcase classname="TestMoL" name="RK3/2procs" time="">
</testcase>
<testcase classname="TestMoL" name="RK4/2procs" time="">
</testcase>
<testcase classname="TestMoL" name="RK4-MR-2-1/2procs" time="">
</testcase>
<testcase classname="TestMoL" name="RK4-RK2/2procs" time="">
</testcase>
<testcase classname="TestMoL" name="RK45/2procs" time="">
</testcase>
<testcase classname="TestMoL" name="RK45CK/2procs" time="">
</testcase>
<testcase classname="TestMoL" name="RK65/2procs" time="">
</testcase>
<testcase classname="TestMoL" name="RK87/2procs" time="">
</testcase>
<testcase classname="TestPar" name="expressions/2procs" time="">
</testcase>
<testcase classname="TestReadWrite" name="ReadWriteCarpet/2procs" time="">
</testcase>
<testcase classname="Trigger" name="trigger/2procs" time="">
</testcase>
<testcase classname="TwoPunctures" name="bhns_eval/2procs" time="">
</testcase>
<testcase classname="TwoPunctures" name="bhns_interp/2procs" time="">
</testcase>
<testcase classname="TwoPunctures" name="twopunctures_carpet/2procs" time="">
</testcase>
<testcase classname="TwoPunctures_KerrProca" name="twopunctures_kerrproca_c11/2procs" time="">
</testcase>
<testcase classname="Vectors" name="vectors/2procs" time="">
</testcase>
<testcase classname="VolumeIntegrals_GRMHD" name="magnetized_explosionTOV/2procs" time="">
</testcase>
<testcase classname="VolumeIntegrals_vacuum" name="magnetized_explosionTOV/2procs" time="">
</testcase>
<testcase classname="WaveBinarySource" name="test_binary_1/2procs" time="">
</testcase>
<testcase classname="WaveMoL" name="gaussian/2procs" time="">
</testcase>
<testcase classname="WaveToy1DF77" name="wavetoy1df77/2procs" time="">
</testcase>
<testcase classname="WaveToy2DF77" name="test_WaveToy2D/2procs" time="">
</testcase>
<testcase classname="WaveToyC" name="test_rad/2procs" time="">
</testcase>
<testcase classname="WaveToyC" name="wave_output/2procs" time="">
</testcase>
<testcase classname="WaveToyCXX" name="test_rad/2procs" time="">
</testcase>
<testcase classname="WaveToyExtra" name="test_custom/2procs" time="">
</testcase>
<testcase classname="WaveToyF77" name="test_rad/2procs" time="">
</testcase>
<testcase classname="WaveToyF77" name="test_rob/2procs" time="">
</testcase>
<testcase classname="WaveToyF90" name="test_rad/2procs" time="">
</testcase>
<testcase classname="WaveToyF90" name="test_wavef90_flat/2procs" time="">
</testcase>
<testcase classname="WaveToyF90" name="test_wavef90_zero/2procs" time="">
</testcase>
<testcase classname="WaveToyFreeF90" name="test_rad/2procs" time="">
</testcase>
<testcase classname="WeylScal4" name="teukolsky/2procs" time="">
</testcase>
<testcase classname="WeylScal4" name="teukolskyID/2procs" time="">
</testcase>
<testcase classname="WeylScal4" name="teukolskyParity/2procs" time="">
</testcase>
<testcase classname="particle_tracerET" name="magnetized_explosionTOV/2procs" time="">
</testcase>
<testcase classname="smallbPoynET" name="magnetized_explosionTOV/2procs" time="">
</testcase>
</testsuite>
